<?xml version="1.0" encoding="UTF-8"?>
<testsuite xmlns:xsi="http://www.w3.org/2001/XMLSchema-instance" xsi:noNamespaceSchemaLocation="https://maven.apache.org/surefire/maven-surefire-plugin/xsd/surefire-test-report-3.0.xsd" version="3.0" name="com.cognizant.springlearn.SpringLearnApplicationTests" time="9.346" tests="1" errors="0" skipped="0" failures="0">
  <properties>
[...]
</properties>
  <testcase name="contextLoads" classname="com.cognizant.springlearn.SpringLearnApplicationTests" time="2.221">
    <system-out><![CDATA[19:27:51.495 [main] INFO org.springframework.test.context.support.AnnotationConfigContextLoaderUtils -- Could not detect default configuration classes for test class [com.cognizant.springlearn.SpringLearnApplicationTests]: SpringLearnApplicationTests does not declare any static, non-private, non-final, nested classes annotated with @Configuration.
19:27:51.713 [main] INFO org.springframework.boot.test.context.SpringBootTestContextBootstrapper -- Found @SpringBootConfiguration com.cognizant.springlearn.SpringLearnApplication for test class com.cognizant.springlearn.SpringLearnApplicationTests
19:27:52.038 [main] INFO org.springframework.boot.devtools.restart.RestartApplicationListener -- Restart disabled due to context in which it is running

  .   ____          _            __ _ _
 /\\ / ___'_ __ _ _(_)_ __  __ _ \ \ \ \
( ( )\___ | '_ | '_| | '_ \/ _` | \ \ \ \
 \\/  ___)| |_)| | | | | || (_| |  ) ) ) )
  '  |____| .__|_| |_|_| |_\__, | / / / /
 =========|_|==============|___/=/_/_/_/

 :: Spring Boot ::                (v3.3.5)

2026-07-09T19:27:52.549+05:30  INFO 10040 --- [spring-learn] [           main] c.c.s.SpringLearnApplicationTests        : Starting SpringLearnApplicationTests using Java 24 with PID 10040 (started by LENOVO in C:\Users\LENOVO\Desktop\c++\java\Create a Spring Web Project using Maven\spring-learn)
2026-07-09T19:27:52.552+05:30  INFO 10040 --- [spring-learn] [           main] c.c.s.SpringLearnApplicationTests        : No active profile set, falling back to 1 default profile: "default"
2026-07-09T19:27:58.225+05:30  INFO 10040 --- [spring-learn] [           main] c.c.s.SpringLearnApplicationTests        : Started SpringLearnApplicationTests in 6.211 seconds (process running for 8.124)
]]></system-out>
    <system-err><![CDATA[WARNING: A Java agent has been loaded dynamically (C:\Users\LENOVO\.m2\repository\net\bytebuddy\byte-buddy-agent\1.14.19\byte-buddy-agent-1.14.19.jar)
WARNING: If a serviceability tool is in use, please run with -XX:+EnableDynamicAgentLoading to hide this warning
WARNING: If a serviceability tool is not in use, please run with -Djdk.instrument.traceUsage for more information
WARNING: Dynamic loading of agents will be disallowed by default in a future release
]]></system-err>
  </testcase>
</testsuite>